<?xml version="1.0" encoding="UTF-8"?>
<!-- Generated by org.testng.reporters.JUnitXMLReporter -->
<testsuite ignored="0" hostname="LAPTOP-4FN0AGO1" failures="1" tests="2" name="ChromeTest" time="62.457" errors="0" timestamp="2023-04-14T22:02:52 IST">
  <testcase classname="test.VerifyProductsAreDisplayedPostSearch" name="verifyProductsAreDisplayedForValidSearch" time="1.44">
    <failure type="java.lang.AssertionError" message="expected [true] but found [false]">
      <![CDATA[java.lang.AssertionError: expected [true] but found [false]
at test.VerifyProductsAreDisplayedPostSearch.verifyProductsAreDisplayedForValidSearch(VerifyProductsAreDisplayedPostSearch.java:33)
at java.base/java.util.ArrayList.forEach(ArrayList.java:1511)
... Removed 31 stack frames]]>
    </failure>
  </testcase> <!-- verifyProductsAreDisplayedForValidSearch -->
  <testcase classname="test.VerifyProductsAreDisplayedPostSearch" name="verifyProductsAreNotDisplayedForInvalidSearch" time="1.145"/>
</testsuite> <!-- ChromeTest -->
