<?xml version="1.0" encoding="UTF-8"?>
<!-- Generated by org.testng.reporters.JUnitXMLReporter -->
<testsuite ignored="0" hostname="LAPTOP-IO7O6G3K" failures="1" tests="2" name="EdgeTest" time="9.532" errors="0" timestamp="2023-04-05T19:35:38 IST">
  <testcase classname="test.VerifyProductsAreDisplayedPostSearch" name="verifyProductsAreDisplayedForValidSearch" time="0.602">
    <failure type="java.lang.AssertionError" message="expected [true] but found [false]">
      <![CDATA[java.lang.AssertionError: expected [true] but found [false]
at test.VerifyProductsAreDisplayedPostSearch.verifyProductsAreDisplayedForValidSearch(VerifyProductsAreDisplayedPostSearch.java:33)
at java.base/java.util.ArrayList.forEach(ArrayList.java:1511)
... Removed 31 stack frames]]>
    </failure>
  </testcase> <!-- verifyProductsAreDisplayedForValidSearch -->
  <testcase classname="test.VerifyProductsAreDisplayedPostSearch" name="verifyProductsAreNotDisplayedForInvalidSearch" time="0.566"/>
</testsuite> <!-- EdgeTest -->
